0 info it worked if it ends with ok
1 verbose cli [ 'C:\\Program Files\\nodejs\\node.exe',
1 verbose cli   'C:\\Program Files\\nodejs\\node_modules\\npm\\bin\\npm-cli.js',
1 verbose cli   'run',
1 verbose cli   'grunt' ]
2 info using npm@3.9.5
3 info using node@v6.2.2
4 verbose run-script [ 'pregrunt', 'grunt', 'postgrunt' ]
5 info lifecycle meadowlark@1.0.0~pregrunt: meadowlark@1.0.0
6 silly lifecycle meadowlark@1.0.0~pregrunt: no script for pregrunt, continuing
7 info lifecycle meadowlark@1.0.0~grunt: meadowlark@1.0.0
8 verbose lifecycle meadowlark@1.0.0~grunt: unsafe-perm in lifecycle true
9 verbose lifecycle meadowlark@1.0.0~grunt: PATH: C:\Program Files\nodejs\node_modules\npm\bin\node-gyp-bin;c:\Users\Gerben\Documents\Projects\GitHub\learning-stuff\web-development-with-node-and-express\meadowlark\node_modules\.bin;C:\Program Files\nodejs;C:\WINDOWS\system32;C:\WINDOWS;C:\WINDOWS\System32\Wbem;C:\WINDOWS\System32\WindowsPowerShell\v1.0\;C:\ProgramData\chocolatey\bin;C:\Program Files\nodejs\;C:\Program Files\Java\jdk1.8.0_92\bin;C:\Program Files\Microsoft SQL Server\120\Tools\Binn\;C:\Program Files\Microsoft SQL Server\130\Tools\Binn\;C:\Program Files (x86)\Windows Kits\10\Windows Performance Toolkit\;C:\Program Files (x86)\Microsoft Emulator Manager\1.0\;C:\Program Files\Git\cmd;C:\Program Files\dotnet\;C:\Users\Gerben\AppData\Roaming\npm;C:\tools\apache-maven-3.3.3\bin;;C:\Program Files (x86)\Microsoft VS Code\bin;C:\Users\Gerben\AppData\Local\Microsoft\WindowsApps
10 verbose lifecycle meadowlark@1.0.0~grunt: CWD: c:\Users\Gerben\Documents\Projects\GitHub\learning-stuff\web-development-with-node-and-express\meadowlark
11 silly lifecycle meadowlark@1.0.0~grunt: Args: [ '/d /s /c', 'grunt' ]
12 silly lifecycle meadowlark@1.0.0~grunt: Returned: code: 3  signal: null
13 info lifecycle meadowlark@1.0.0~grunt: Failed to exec grunt script
14 verbose stack Error: meadowlark@1.0.0 grunt: `grunt`
14 verbose stack Exit status 3
14 verbose stack     at EventEmitter.<anonymous> (C:\Program Files\nodejs\node_modules\npm\lib\utils\lifecycle.js:245:16)
14 verbose stack     at emitTwo (events.js:106:13)
14 verbose stack     at EventEmitter.emit (events.js:191:7)
14 verbose stack     at ChildProcess.<anonymous> (C:\Program Files\nodejs\node_modules\npm\lib\utils\spawn.js:24:14)
14 verbose stack     at emitTwo (events.js:106:13)
14 verbose stack     at ChildProcess.emit (events.js:191:7)
14 verbose stack     at maybeClose (internal/child_process.js:852:16)
14 verbose stack     at Process.ChildProcess._handle.onexit (internal/child_process.js:215:5)
15 verbose pkgid meadowlark@1.0.0
16 verbose cwd c:\Users\Gerben\Documents\Projects\GitHub\learning-stuff\web-development-with-node-and-express\meadowlark
17 error Windows_NT 10.0.14393
18 error argv "C:\\Program Files\\nodejs\\node.exe" "C:\\Program Files\\nodejs\\node_modules\\npm\\bin\\npm-cli.js" "run" "grunt"
19 error node v6.2.2
20 error npm  v3.9.5
21 error code ELIFECYCLE
22 error meadowlark@1.0.0 grunt: `grunt`
22 error Exit status 3
23 error Failed at the meadowlark@1.0.0 grunt script 'grunt'.
23 error Make sure you have the latest version of node.js and npm installed.
23 error If you do, this is most likely a problem with the meadowlark package,
23 error not with npm itself.
23 error Tell the author that this fails on your system:
23 error     grunt
23 error You can get information on how to open an issue for this project with:
23 error     npm bugs meadowlark
23 error Or if that isn't available, you can get their info via:
23 error     npm owner ls meadowlark
23 error There is likely additional logging output above.
24 verbose exit [ 1, true ]
